<?xml version="1.0" encoding="UTF-8"?>
<!-- Generated by org.testng.reporters.JUnitXMLReporter -->
<testsuite ignored="0" hostname="LAPTOP-QDFSJ3J6" failures="2" tests="4" name="Test1" time="64.259" errors="0" timestamp="2024-11-06T11:25:15 IST">
  <testcase classname="assignmentminiproject.Books" name="clickOnBooks" time="1.687"/>
  <testcase classname="assignmentminiproject.Computers" name="clickOnComputers" time="1.162">
    <failure type="java.lang.AssertionError" message="Computers page is not displayed expected [demo Web shop ] but found [Demo Web Shop. Computers]">
      <![CDATA[java.lang.AssertionError: Computers page is not displayed expected [demo Web shop ] but found [Demo Web Shop. Computers]
at assignmentminiproject.Computers.clickOnComputers(Computers.java:13)
at java.base/java.util.ArrayList.forEach(ArrayList.java:1596)
... Removed 30 stack frames]]>
    </failure>
  </testcase> <!-- clickOnComputers -->
  <testcase classname="assignmentminiproject.Electronics" name="clickOnElectronic" time="1.037">
    <failure type="java.lang.AssertionError" message="Electronics page is not displayed expected [demo Web shop ] but found [Demo Web Shop. Electronics]">
      <![CDATA[java.lang.AssertionError: Electronics page is not displayed expected [demo Web shop ] but found [Demo Web Shop. Electronics]
at assignmentminiproject.Electronics.clickOnElectronic(Electronics.java:13)
at java.base/java.util.ArrayList.forEach(ArrayList.java:1596)
... Removed 30 stack frames]]>
    </failure>
  </testcase> <!-- clickOnElectronic -->
  <testcase classname="assignmentminiproject.GiftCards" name="clickOnGift" time="1.094"/>
</testsuite> <!-- Test1 -->
