<?xml version="1.0" encoding="UTF-8"?>
<testng-results ignored="0" total="4" passed="2" failed="2" skipped="0">
  <reporter-output>
    <line>
      <![CDATA[Books page is displayed]]>
    </line>
    <line>
      <![CDATA[TestScript is passed]]>
    </line>
    <line>
      <![CDATA[TestScript is failed]]>
    </line>
    <line>
      <![CDATA[TestScript is failed]]>
    </line>
    <line>
      <![CDATA[Gift Cards  page is displayed]]>
    </line>
    <line>
      <![CDATA[TestScript is passed]]>
    </line>
  </reporter-output>
  <suite started-at="2024-11-06T11:24:10 IST" name="Suite" finished-at="2024-11-06T11:25:15 IST" duration-ms="64259">
    <groups>
    </groups>
    <test started-at="2024-11-06T11:24:10 IST" name="Test1" finished-at="2024-11-06T11:25:15 IST" duration-ms="64259">
      <class name="assignmentminiproject.Electronics">
        <test-method is-config="true" signature="launchBrowser(java.lang.String)[pri:0, instance:assignmentminiproject.Electronics@4fb61f4a]" started-at="2024-11-06T11:24:42 IST" name="launchBrowser" finished-at="2024-11-06T11:24:55 IST" duration-ms="12780" status="PASS">
          <params>
            <param index="0">
              <value>
                <![CDATA[chrome]]>
              </value>
            </param>
          </params>
          <reporter-output>
          </reporter-output>
        </test-method> <!-- launchBrowser -->
        <test-method is-config="true" signature="login()[pri:0, instance:assignmentminiproject.Electronics@4fb61f4a]" started-at="2024-11-06T11:24:55 IST" name="login" finished-at="2024-11-06T11:24:58 IST" duration-ms="3190" status="PASS">
          <reporter-output>
          </reporter-output>
        </test-method> <!-- login -->
        <test-method signature="clickOnElectronic()[pri:0, instance:assignmentminiproject.Electronics@4fb61f4a]" started-at="2024-11-06T11:24:58 IST" name="clickOnElectronic" finished-at="2024-11-06T11:24:59 IST" duration-ms="1037" status="FAIL">
          <exception class="java.lang.AssertionError">
            <message>
              <![CDATA[Electronics page is not displayed expected [demo Web shop ] but found [Demo Web Shop. Electronics]]]>
            </message>
            <full-stacktrace>
              <![CDATA[java.lang.AssertionError: Electronics page is not displayed expected [demo Web shop ] but found [Demo Web Shop. Electronics]
at org.testng.Assert.fail(Assert.java:99)
at org.testng.Assert.failNotEquals(Assert.java:1037)
at org.testng.Assert.assertEqualsImpl(Assert.java:140)
at org.testng.Assert.assertEquals(Assert.java:122)
at org.testng.Assert.assertEquals(Assert.java:629)
at assignmentminiproject.Electronics.clickOnElectronic(Electronics.java:13)
at java.base/jdk.internal.reflect.DirectMethodHandleAccessor.invoke(DirectMethodHandleAccessor.java:103)
at java.base/java.lang.reflect.Method.invoke(Method.java:580)
at org.testng.internal.MethodInvocationHelper.invokeMethod(MethodInvocationHelper.java:133)
at org.testng.internal.TestInvoker.invokeMethod(TestInvoker.java:598)
at org.testng.internal.TestInvoker.invokeTestMethod(TestInvoker.java:173)
at org.testng.internal.MethodRunner.runInSequence(MethodRunner.java:46)
at org.testng.internal.TestInvoker$MethodInvocationAgent.invoke(TestInvoker.java:824)
at org.testng.internal.TestInvoker.invokeTestMethods(TestInvoker.java:146)
at org.testng.internal.TestMethodWorker.invokeTestMethods(TestMethodWorker.java:146)
at org.testng.internal.TestMethodWorker.run(TestMethodWorker.java:128)
at java.base/java.util.ArrayList.forEach(ArrayList.java:1596)
at org.testng.TestRunner.privateRun(TestRunner.java:794)
at org.testng.TestRunner.run(TestRunner.java:596)
at org.testng.SuiteRunner.runTest(SuiteRunner.java:377)
at org.testng.SuiteRunner.runSequentially(SuiteRunner.java:371)
at org.testng.SuiteRunner.privateRun(SuiteRunner.java:332)
at org.testng.SuiteRunner.run(SuiteRunner.java:276)
at org.testng.SuiteRunnerWorker.runSuite(SuiteRunnerWorker.java:53)
at org.testng.SuiteRunnerWorker.run(SuiteRunnerWorker.java:96)
at org.testng.TestNG.runSuitesSequentially(TestNG.java:1212)
at org.testng.TestNG.runSuitesLocally(TestNG.java:1134)
at org.testng.TestNG.runSuites(TestNG.java:1063)
at org.testng.TestNG.run(TestNG.java:1031)
at org.testng.remote.AbstractRemoteTestNG.run(AbstractRemoteTestNG.java:115)
at org.testng.remote.RemoteTestNG.initAndRun(RemoteTestNG.java:293)
at org.testng.remote.RemoteTestNG.main(RemoteTestNG.java:91)
]]>
            </full-stacktrace>
          </exception> <!-- java.lang.AssertionError -->
          <reporter-output>
            <line>
              <![CDATA[TestScript is failed]]>
            </line>
          </reporter-output>
        </test-method> <!-- clickOnElectronic -->
        <test-method is-config="true" signature="logout()[pri:0, instance:assignmentminiproject.Electronics@4fb61f4a]" started-at="2024-11-06T11:24:59 IST" name="logout" finished-at="2024-11-06T11:25:01 IST" duration-ms="2142" status="PASS">
          <reporter-output>
          </reporter-output>
        </test-method> <!-- logout -->
        <test-method is-config="true" signature="closeBrowser()[pri:0, instance:assignmentminiproject.Electronics@4fb61f4a]" started-at="2024-11-06T11:25:01 IST" name="closeBrowser" finished-at="2024-11-06T11:25:02 IST" duration-ms="597" status="PASS">
          <reporter-output>
          </reporter-output>
        </test-method> <!-- closeBrowser -->
      </class> <!-- assignmentminiproject.Electronics -->
      <class name="assignmentminiproject.Books">
        <test-method is-config="true" signature="launchBrowser(java.lang.String)[pri:0, instance:assignmentminiproject.Books@5ffead27]" started-at="2024-11-06T11:24:10 IST" name="launchBrowser" finished-at="2024-11-06T11:24:22 IST" duration-ms="11448" status="PASS">
          <params>
            <param index="0">
              <value>
                <![CDATA[chrome]]>
              </value>
            </param>
          </params>
          <reporter-output>
          </reporter-output>
        </test-method> <!-- launchBrowser -->
        <test-method is-config="true" signature="login()[pri:0, instance:assignmentminiproject.Books@5ffead27]" started-at="2024-11-06T11:24:22 IST" name="login" finished-at="2024-11-06T11:24:25 IST" duration-ms="3081" status="PASS">
          <reporter-output>
          </reporter-output>
        </test-method> <!-- login -->
        <test-method signature="clickOnBooks()[pri:0, instance:assignmentminiproject.Books@5ffead27]" started-at="2024-11-06T11:24:25 IST" name="clickOnBooks" finished-at="2024-11-06T11:24:27 IST" duration-ms="1687" status="PASS">
          <reporter-output>
            <line>
              <![CDATA[Books page is displayed]]>
            </line>
            <line>
              <![CDATA[TestScript is passed]]>
            </line>
          </reporter-output>
        </test-method> <!-- clickOnBooks -->
        <test-method is-config="true" signature="logout()[pri:0, instance:assignmentminiproject.Books@5ffead27]" started-at="2024-11-06T11:24:27 IST" name="logout" finished-at="2024-11-06T11:24:28 IST" duration-ms="1152" status="PASS">
          <reporter-output>
          </reporter-output>
        </test-method> <!-- logout -->
        <test-method is-config="true" signature="closeBrowser()[pri:0, instance:assignmentminiproject.Books@5ffead27]" started-at="2024-11-06T11:24:28 IST" name="closeBrowser" finished-at="2024-11-06T11:24:29 IST" duration-ms="666" status="PASS">
          <reporter-output>
          </reporter-output>
        </test-method> <!-- closeBrowser -->
      </class> <!-- assignmentminiproject.Books -->
      <class name="assignmentminiproject.Computers">
        <test-method is-config="true" signature="launchBrowser(java.lang.String)[pri:0, instance:assignmentminiproject.Computers@3e58a80e]" started-at="2024-11-06T11:24:29 IST" name="launchBrowser" finished-at="2024-11-06T11:24:36 IST" duration-ms="7124" status="PASS">
          <params>
            <param index="0">
              <value>
                <![CDATA[chrome]]>
              </value>
            </param>
          </params>
          <reporter-output>
          </reporter-output>
        </test-method> <!-- launchBrowser -->
        <test-method is-config="true" signature="login()[pri:0, instance:assignmentminiproject.Computers@3e58a80e]" started-at="2024-11-06T11:24:36 IST" name="login" finished-at="2024-11-06T11:24:39 IST" duration-ms="2906" status="PASS">
          <reporter-output>
          </reporter-output>
        </test-method> <!-- login -->
        <test-method signature="clickOnComputers()[pri:0, instance:assignmentminiproject.Computers@3e58a80e]" started-at="2024-11-06T11:24:39 IST" name="clickOnComputers" finished-at="2024-11-06T11:24:40 IST" duration-ms="1162" status="FAIL">
          <exception class="java.lang.AssertionError">
            <message>
              <![CDATA[Computers page is not displayed expected [demo Web shop ] but found [Demo Web Shop. Computers]]]>
            </message>
            <full-stacktrace>
              <![CDATA[java.lang.AssertionError: Computers page is not displayed expected [demo Web shop ] but found [Demo Web Shop. Computers]
at org.testng.Assert.fail(Assert.java:99)
at org.testng.Assert.failNotEquals(Assert.java:1037)
at org.testng.Assert.assertEqualsImpl(Assert.java:140)
at org.testng.Assert.assertEquals(Assert.java:122)
at org.testng.Assert.assertEquals(Assert.java:629)
at assignmentminiproject.Computers.clickOnComputers(Computers.java:13)
at java.base/jdk.internal.reflect.DirectMethodHandleAccessor.invoke(DirectMethodHandleAccessor.java:103)
at java.base/java.lang.reflect.Method.invoke(Method.java:580)
at org.testng.internal.MethodInvocationHelper.invokeMethod(MethodInvocationHelper.java:133)
at org.testng.internal.TestInvoker.invokeMethod(TestInvoker.java:598)
at org.testng.internal.TestInvoker.invokeTestMethod(TestInvoker.java:173)
at org.testng.internal.MethodRunner.runInSequence(MethodRunner.java:46)
at org.testng.internal.TestInvoker$MethodInvocationAgent.invoke(TestInvoker.java:824)
at org.testng.internal.TestInvoker.invokeTestMethods(TestInvoker.java:146)
at org.testng.internal.TestMethodWorker.invokeTestMethods(TestMethodWorker.java:146)
at org.testng.internal.TestMethodWorker.run(TestMethodWorker.java:128)
at java.base/java.util.ArrayList.forEach(ArrayList.java:1596)
at org.testng.TestRunner.privateRun(TestRunner.java:794)
at org.testng.TestRunner.run(TestRunner.java:596)
at org.testng.SuiteRunner.runTest(SuiteRunner.java:377)
at org.testng.SuiteRunner.runSequentially(SuiteRunner.java:371)
at org.testng.SuiteRunner.privateRun(SuiteRunner.java:332)
at org.testng.SuiteRunner.run(SuiteRunner.java:276)
at org.testng.SuiteRunnerWorker.runSuite(SuiteRunnerWorker.java:53)
at org.testng.SuiteRunnerWorker.run(SuiteRunnerWorker.java:96)
at org.testng.TestNG.runSuitesSequentially(TestNG.java:1212)
at org.testng.TestNG.runSuitesLocally(TestNG.java:1134)
at org.testng.TestNG.runSuites(TestNG.java:1063)
at org.testng.TestNG.run(TestNG.java:1031)
at org.testng.remote.AbstractRemoteTestNG.run(AbstractRemoteTestNG.java:115)
at org.testng.remote.RemoteTestNG.initAndRun(RemoteTestNG.java:293)
at org.testng.remote.RemoteTestNG.main(RemoteTestNG.java:91)
]]>
            </full-stacktrace>
          </exception> <!-- java.lang.AssertionError -->
          <reporter-output>
            <line>
              <![CDATA[TestScript is failed]]>
            </line>
          </reporter-output>
        </test-method> <!-- clickOnComputers -->
        <test-method is-config="true" signature="logout()[pri:0, instance:assignmentminiproject.Computers@3e58a80e]" started-at="2024-11-06T11:24:40 IST" name="logout" finished-at="2024-11-06T11:24:41 IST" duration-ms="1344" status="PASS">
          <reporter-output>
          </reporter-output>
        </test-method> <!-- logout -->
        <test-method is-config="true" signature="closeBrowser()[pri:0, instance:assignmentminiproject.Computers@3e58a80e]" started-at="2024-11-06T11:24:41 IST" name="closeBrowser" finished-at="2024-11-06T11:24:42 IST" duration-ms="477" status="PASS">
          <reporter-output>
          </reporter-output>
        </test-method> <!-- closeBrowser -->
      </class> <!-- assignmentminiproject.Computers -->
      <class name="assignmentminiproject.GiftCards">
        <test-method is-config="true" signature="launchBrowser(java.lang.String)[pri:0, instance:assignmentminiproject.GiftCards@4fb0f2b9]" started-at="2024-11-06T11:25:02 IST" name="launchBrowser" finished-at="2024-11-06T11:25:09 IST" duration-ms="6841" status="PASS">
          <params>
            <param index="0">
              <value>
                <![CDATA[chrome]]>
              </value>
            </param>
          </params>
          <reporter-output>
          </reporter-output>
        </test-method> <!-- launchBrowser -->
        <test-method is-config="true" signature="login()[pri:0, instance:assignmentminiproject.GiftCards@4fb0f2b9]" started-at="2024-11-06T11:25:09 IST" name="login" finished-at="2024-11-06T11:25:12 IST" duration-ms="2925" status="PASS">
          <reporter-output>
          </reporter-output>
        </test-method> <!-- login -->
        <test-method signature="clickOnGift()[pri:0, instance:assignmentminiproject.GiftCards@4fb0f2b9]" started-at="2024-11-06T11:25:12 IST" name="clickOnGift" finished-at="2024-11-06T11:25:13 IST" duration-ms="1094" status="PASS">
          <reporter-output>
            <line>
              <![CDATA[Gift Cards  page is displayed]]>
            </line>
            <line>
              <![CDATA[TestScript is passed]]>
            </line>
          </reporter-output>
        </test-method> <!-- clickOnGift -->
        <test-method is-config="true" signature="logout()[pri:0, instance:assignmentminiproject.GiftCards@4fb0f2b9]" started-at="2024-11-06T11:25:13 IST" name="logout" finished-at="2024-11-06T11:25:14 IST" duration-ms="1183" status="PASS">
          <reporter-output>
          </reporter-output>
        </test-method> <!-- logout -->
        <test-method is-config="true" signature="closeBrowser()[pri:0, instance:assignmentminiproject.GiftCards@4fb0f2b9]" started-at="2024-11-06T11:25:14 IST" name="closeBrowser" finished-at="2024-11-06T11:25:15 IST" duration-ms="721" status="PASS">
          <reporter-output>
          </reporter-output>
        </test-method> <!-- closeBrowser -->
      </class> <!-- assignmentminiproject.GiftCards -->
    </test> <!-- Test1 -->
  </suite> <!-- Suite -->
</testng-results>
